# JRE version: Java(TM) SE Runtime Environment (8.0_144-b01) (build 1.8.0_144-b01)
# Java VM: Java HotSpot(TM) Client VM (25.144-b01 mixed mode windows-x86 )
Heap:
 def new generation   total 157248K, used 157247K [0x02e00000, 0x0d8a0000, 0x0d8a0000)
  eden space 139776K, 100% used [0x02e00000, 0x0b680000, 0x0b680000)
  from space 17472K,  99% used [0x0c790000, 0x0d89ffe8, 0x0d8a0000)
  to   space 17472K,   0% used [0x0b680000, 0x0b680000, 0x0c790000)
 tenured generation   total 349568K, used 349567K [0x0d8a0000, 0x22e00000, 0x22e00000)
   the space 349568K,  99% used [0x0d8a0000, 0x22dffff0, 0x22e00000, 0x22e00000)
 Metaspace       used 19212K, capacity 19682K, committed 19840K, reserved 19840K
GC Heap History (10 events):
Event: 1293830.829 GC heap before
{Heap before GC invocations=16306 (full 12914):
 def new generation   total 157248K, used 157247K [0x02e00000, 0x0d8a0000, 0x0d8a0000)
  eden space 139776K, 100% used [0x02e00000, 0x0b680000, 0x0b680000)
  from space 17472K,  99% used [0x0c790000, 0x0d89ff00, 0x0d8a0000)
  to   space 17472K,   0% used [0x0b680000, 0x0b680000, 0x0c790000)
 tenured generation   total 349568K, used 349567K [0x0d8a0000, 0x22e00000, 0x22e00000)
   the space 349568K,  99% used [0x0d8a0000, 0x22dffff0, 0x22e00000, 0x22e00000)
 Metaspace       used 19212K, capacity 19682K, committed 19840K, reserved 19840K
Event: 1293832.158 GC heap after
Heap after GC invocations=16307 (full 12915):
 def new generation   total 157248K, used 157236K [0x02e00000, 0x0d8a0000, 0x0d8a0000)
  eden space 139776K, 100% used [0x02e00000, 0x0b680000, 0x0b680000)
  from space 17472K,  99% used [0x0c790000, 0x0d89d370, 0x0d8a0000)
  to   space 17472K,   0% used [0x0b680000, 0x0b680000, 0x0c790000)
 tenured generation   total 349568K, used 349567K [0x0d8a0000, 0x22e00000, 0x22e00000)
   the space 349568K,  99% used [0x0d8a0000, 0x22dffff0, 0x22e00000, 0x22e00000)
 Metaspace       used 19212K, capacity 19682K, committed 19840K, reserved 19840K
}
Event: 1293832.159 GC heap before
{Heap before GC invocations=16307 (full 12915):
 def new generation   total 157248K, used 157247K [0x02e00000, 0x0d8a0000, 0x0d8a0000)
  eden space 139776K, 100% used [0x02e00000, 0x0b680000, 0x0b680000)
  from space 17472K,  99% used [0x0c790000, 0x0d89ff00, 0x0d8a0000)
  to   space 17472K,   0% used [0x0b680000, 0x0b680000, 0x0c790000)
 tenured generation   total 349568K, used 349567K [0x0d8a0000, 0x22e00000, 0x22e00000)
   the space 349568K,  99% used [0x0d8a0000, 0x22dffff0, 0x22e00000, 0x22e00000)
 Metaspace       used 19212K, capacity 19682K, committed 19840K, reserved 19840K
Event: 1293833.444 GC heap after
Heap after GC invocations=16308 (full 12916):
 def new generation   total 157248K, used 157236K [0x02e00000, 0x0d8a0000, 0x0d8a0000)
  eden space 139776K, 100% used [0x02e00000, 0x0b680000, 0x0b680000)
  from space 17472K,  99% used [0x0c790000, 0x0d89d370, 0x0d8a0000)
  to   space 17472K,   0% used [0x0b680000, 0x0b680000, 0x0c790000)
 tenured generation   total 349568K, used 349567K [0x0d8a0000, 0x22e00000, 0x22e00000)
   the space 349568K,  99% used [0x0d8a0000, 0x22dffff0, 0x22e00000, 0x22e00000)
 Metaspace       used 19212K, capacity 19682K, committed 19840K, reserved 19840K
}
Event: 1293833.601 GC heap before
{Heap before GC invocations=16308 (full 12916):
 def new generation   total 157248K, used 157247K [0x02e00000, 0x0d8a0000, 0x0d8a0000)
  eden space 139776K, 100% used [0x02e00000, 0x0b680000, 0x0b680000)
  from space 17472K,  99% used [0x0c790000, 0x0d89ff20, 0x0d8a0000)
  to   space 17472K,   0% used [0x0b680000, 0x0b680000, 0x0c790000)
 tenured generation   total 349568K, used 349567K [0x0d8a0000, 0x22e00000, 0x22e00000)
   the space 349568K,  99% used [0x0d8a0000, 0x22dffff0, 0x22e00000, 0x22e00000)
 Metaspace       used 19212K, capacity 19682K, committed 19840K, reserved 19840K
Event: 1293834.887 GC heap after
Heap after GC invocations=16309 (full 12917):
 def new generation   total 157248K, used 157236K [0x02e00000, 0x0d8a0000, 0x0d8a0000)
  eden space 139776K,  99% used [0x02e00000, 0x0b67fff0, 0x0b680000)
  from space 17472K,  99% used [0x0c790000, 0x0d89d370, 0x0d8a0000)
  to   space 17472K,   0% used [0x0b680000, 0x0b680000, 0x0c790000)
 tenured generation   total 349568K, used 349567K [0x0d8a0000, 0x22e00000, 0x22e00000)
   the space 349568K,  99% used [0x0d8a0000, 0x22dffff0, 0x22e00000, 0x22e00000)
 Metaspace       used 19212K, capacity 19682K, committed 19840K, reserved 19840K
}
Event: 1293834.891 GC heap before
{Heap before GC invocations=16309 (full 12917):
 def new generation   total 157248K, used 157246K [0x02e00000, 0x0d8a0000, 0x0d8a0000)
  eden space 139776K, 100% used [0x02e00000, 0x0b680000, 0x0b680000)
  from space 17472K,  99% used [0x0c790000, 0x0d89fb30, 0x0d8a0000)
  to   space 17472K,   0% used [0x0b680000, 0x0b680000, 0x0c790000)
 tenured generation   total 349568K, used 349567K [0x0d8a0000, 0x22e00000, 0x22e00000)
   the space 349568K,  99% used [0x0d8a0000, 0x22dffff0, 0x22e00000, 0x22e00000)
 Metaspace       used 19212K, capacity 19682K, committed 19840K, reserved 19840K
Event: 1293836.176 GC heap after
Heap after GC invocations=16310 (full 12918):
 def new generation   total 157248K, used 157182K [0x02e00000, 0x0d8a0000, 0x0d8a0000)
  eden space 139776K, 100% used [0x02e00000, 0x0b680000, 0x0b680000)
  from space 17472K,  99% used [0x0c790000, 0x0d88f838, 0x0d8a0000)
  to   space 17472K,   0% used [0x0b680000, 0x0b680000, 0x0c790000)
 tenured generation   total 349568K, used 349567K [0x0d8a0000, 0x22e00000, 0x22e00000)
   the space 349568K,  99% used [0x0d8a0000, 0x22dffff0, 0x22e00000, 0x22e00000)
 Metaspace       used 19212K, capacity 19682K, committed 19840K, reserved 19840K
}
Event: 1293836.176 GC heap before
{Heap before GC invocations=16310 (full 12918):
 def new generation   total 157248K, used 157182K [0x02e00000, 0x0d8a0000, 0x0d8a0000)
  eden space 139776K, 100% used [0x02e00000, 0x0b680000, 0x0b680000)
  from space 17472K,  99% used [0x0c790000, 0x0d88f838, 0x0d8a0000)
  to   space 17472K,   0% used [0x0b680000, 0x0b680000, 0x0c790000)
 tenured generation   total 349568K, used 349567K [0x0d8a0000, 0x22e00000, 0x22e00000)
   the space 349568K,  99% used [0x0d8a0000, 0x22dffff0, 0x22e00000, 0x22e00000)
 Metaspace       used 19212K, capacity 19682K, committed 19840K, reserved 19840K
Event: 1293837.461 GC heap after
Heap after GC invocations=16311 (full 12919):
 def new generation   total 157248K, used 157182K [0x02e00000, 0x0d8a0000, 0x0d8a0000)
  eden space 139776K, 100% used [0x02e00000, 0x0b680000, 0x0b680000)
  from space 17472K,  99% used [0x0c790000, 0x0d88f838, 0x0d8a0000)
  to   space 17472K,   0% used [0x0b680000, 0x0b680000, 0x0c790000)
 tenured generation   total 349568K, used 349567K [0x0d8a0000, 0x22e00000, 0x22e00000)
   the space 349568K,  99% used [0x0d8a0000, 0x22dffff0, 0x22e00000, 0x22e00000)
 Metaspace       used 19212K, capacity 19682K, committed 19840K, reserved 19840K
}

